  Game.cpp
c:\users\c00230799\desktop\gpopengl4\sfmlopengl\game.cpp(271): warning C4244: '=': conversion from 'double' to 'float', possible loss of data
c:\users\c00230799\desktop\gpopengl4\sfmlopengl\game.cpp(272): warning C4244: '=': conversion from 'double' to 'float', possible loss of data
c:\users\c00230799\desktop\gpopengl4\sfmlopengl\game.cpp(273): warning C4244: '=': conversion from 'double' to 'float', possible loss of data
  SFMLOpenGL.vcxproj -> C:\Users\c00230799\Desktop\GPOpenGL4\Debug\SFMLOpenGL.exe
  C:\SFML-2.5.0\bin\openal32.dll
  C:\SFML-2.5.0\bin\sfml-audio-2.dll
  C:\SFML-2.5.0\bin\sfml-audio-d-2.dll
  C:\SFML-2.5.0\bin\sfml-graphics-2.dll
  C:\SFML-2.5.0\bin\sfml-graphics-d-2.dll
  C:\SFML-2.5.0\bin\sfml-network-2.dll
  C:\SFML-2.5.0\bin\sfml-network-d-2.dll
  C:\SFML-2.5.0\bin\sfml-system-2.dll
  C:\SFML-2.5.0\bin\sfml-system-d-2.dll
  C:\SFML-2.5.0\bin\sfml-window-2.dll
  C:\SFML-2.5.0\bin\sfml-window-d-2.dll
  11 File(s) copied
  C:\Users\c00230799\Downloads\glew-1.13.0-win32\glew-1.13.0\bin\Release\Win32\glew32.dll
  C:\Users\c00230799\Downloads\glew-1.13.0-win32\glew-1.13.0\bin\Release\Win32\glewinfo.exe
  C:\Users\c00230799\Downloads\glew-1.13.0-win32\glew-1.13.0\bin\Release\Win32\visualinfo.exe
  3 File(s) copied
